# JRE version: OpenJDK Runtime Environment Temurin-21.0.9+10 (21.0.9+10) (build 21.0.9+10-LTS)
# Java VM: OpenJDK 64-Bit Server VM Temurin-21.0.9+10 (21.0.9+10-LTS, mixed mode, sharing, tiered, compressed oops, compressed class ptrs, parallel gc, windows-amd64)
GC Precious Log:
 CardTable entry size: 512
 CPUs: 8 total, 8 available
 Memory: 7934M
 Large Page Support: Disabled
 NUMA Support: Disabled
 Compressed Oops: Enabled (32-bit)
 Alignments: Space 512K, Generation 512K, Heap 2M
 Heap Min Capacity: 100M
 Heap Initial Capacity: 100M
 Heap Max Capacity: 2G
 Pre-touch: Disabled
 Parallel Workers: 8
Heap:
 PSYoungGen      total 16384K, used 9595K [0x00000000d5580000, 0x00000000d6900000, 0x0000000100000000)
  eden space 14336K, 52% used [0x00000000d5580000,0x00000000d5ce3890,0x00000000d6380000)
  from space 2048K, 99% used [0x00000000d6700000,0x00000000d68fb3d0,0x00000000d6900000)
  to   space 2560K, 0% used [0x00000000d6400000,0x00000000d6400000,0x00000000d6680000)
 ParOldGen       total 68608K, used 59799K [0x0000000080000000, 0x0000000084300000, 0x00000000d5580000)
  object space 68608K, 87% used [0x0000000080000000,0x0000000083a65e28,0x0000000084300000)
 Metaspace       used 60145K, committed 61568K, reserved 1114112K
  class space    used 6305K, committed 6912K, reserved 1048576K
GC Heap History (20 events):
Event: 178.730 GC heap before
{Heap before GC invocations=60 (full 2):
 PSYoungGen      total 15872K, used 14943K [0x00000000d5580000, 0x00000000d6a00000, 0x0000000100000000)
  eden space 14336K, 100% used [0x00000000d5580000,0x00000000d6380000,0x00000000d6380000)
  from space 1536K, 39% used [0x00000000d6700000,0x00000000d6797f70,0x00000000d6880000)
  to   space 1024K, 0% used [0x00000000d6900000,0x00000000d6900000,0x00000000d6a00000)
 ParOldGen       total 68608K, used 61082K [0x0000000080000000, 0x0000000084300000, 0x00000000d5580000)
  object space 68608K, 89% used [0x0000000080000000,0x0000000083ba6af8,0x0000000084300000)
 Metaspace       used 56630K, committed 57984K, reserved 1114112K
  class space    used 6073K, committed 6656K, reserved 1048576K
}
Event: 178.732 GC heap after
{Heap after GC invocations=60 (full 2):
 PSYoungGen      total 14848K, used 497K [0x00000000d5580000, 0x00000000d6980000, 0x0000000100000000)
  eden space 14336K, 0% used [0x00000000d5580000,0x00000000d5580000,0x00000000d6380000)
  from space 512K, 97% used [0x00000000d6900000,0x00000000d697c400,0x00000000d6980000)
  to   space 1024K, 0% used [0x00000000d6780000,0x00000000d6780000,0x00000000d6880000)
 ParOldGen       total 68608K, used 61505K [0x0000000080000000, 0x0000000084300000, 0x00000000d5580000)
  object space 68608K, 89% used [0x0000000080000000,0x0000000083c107f8,0x0000000084300000)
 Metaspace       used 56630K, committed 57984K, reserved 1114112K
  class space    used 6073K, committed 6656K, reserved 1048576K
}
Event: 178.804 GC heap before
{Heap before GC invocations=61 (full 2):
 PSYoungGen      total 14848K, used 14833K [0x00000000d5580000, 0x00000000d6980000, 0x0000000100000000)
  eden space 14336K, 100% used [0x00000000d5580000,0x00000000d6380000,0x00000000d6380000)
  from space 512K, 97% used [0x00000000d6900000,0x00000000d697c400,0x00000000d6980000)
  to   space 1024K, 0% used [0x00000000d6780000,0x00000000d6780000,0x00000000d6880000)
 ParOldGen       total 68608K, used 61505K [0x0000000080000000, 0x0000000084300000, 0x00000000d5580000)
  object space 68608K, 89% used [0x0000000080000000,0x0000000083c107f8,0x0000000084300000)
 Metaspace       used 56638K, committed 57984K, reserved 1114112K
  class space    used 6073K, committed 6656K, reserved 1048576K
}
Event: 178.806 GC heap after
{Heap after GC invocations=61 (full 2):
 PSYoungGen      total 15360K, used 512K [0x00000000d5580000, 0x00000000d6980000, 0x0000000100000000)
  eden space 14336K, 0% used [0x00000000d5580000,0x00000000d5580000,0x00000000d6380000)
  from space 1024K, 50% used [0x00000000d6780000,0x00000000d6800000,0x00000000d6880000)
  to   space 1024K, 0% used [0x00000000d6880000,0x00000000d6880000,0x00000000d6980000)
 ParOldGen       total 68608K, used 61826K [0x0000000080000000, 0x0000000084300000, 0x00000000d5580000)
  object space 68608K, 90% used [0x0000000080000000,0x0000000083c60bf8,0x0000000084300000)
 Metaspace       used 56638K, committed 57984K, reserved 1114112K
  class space    used 6073K, committed 6656K, reserved 1048576K
}
Event: 178.878 GC heap before
{Heap before GC invocations=62 (full 2):
 PSYoungGen      total 15360K, used 14848K [0x00000000d5580000, 0x00000000d6980000, 0x0000000100000000)
  eden space 14336K, 100% used [0x00000000d5580000,0x00000000d6380000,0x00000000d6380000)
  from space 1024K, 50% used [0x00000000d6780000,0x00000000d6800000,0x00000000d6880000)
  to   space 1024K, 0% used [0x00000000d6880000,0x00000000d6880000,0x00000000d6980000)
 ParOldGen       total 68608K, used 61826K [0x0000000080000000, 0x0000000084300000, 0x00000000d5580000)
  object space 68608K, 90% used [0x0000000080000000,0x0000000083c60bf8,0x0000000084300000)
 Metaspace       used 56638K, committed 57984K, reserved 1114112K
  class space    used 6073K, committed 6656K, reserved 1048576K
}
Event: 178.881 GC heap after
{Heap after GC invocations=62 (full 2):
 PSYoungGen      total 14848K, used 288K [0x00000000d5580000, 0x00000000d6900000, 0x0000000100000000)
  eden space 14336K, 0% used [0x00000000d5580000,0x00000000d5580000,0x00000000d6380000)
  from space 512K, 56% used [0x00000000d6880000,0x00000000d68c8000,0x00000000d6900000)
  to   space 512K, 0% used [0x00000000d6800000,0x00000000d6800000,0x00000000d6880000)
 ParOldGen       total 68608K, used 62162K [0x0000000080000000, 0x0000000084300000, 0x00000000d5580000)
  object space 68608K, 90% used [0x0000000080000000,0x0000000083cb4bf8,0x0000000084300000)
 Metaspace       used 56638K, committed 57984K, reserved 1114112K
  class space    used 6073K, committed 6656K, reserved 1048576K
}
Event: 178.971 GC heap before
{Heap before GC invocations=63 (full 2):
 PSYoungGen      total 14848K, used 14624K [0x00000000d5580000, 0x00000000d6900000, 0x0000000100000000)
  eden space 14336K, 100% used [0x00000000d5580000,0x00000000d6380000,0x00000000d6380000)
  from space 512K, 56% used [0x00000000d6880000,0x00000000d68c8000,0x00000000d6900000)
  to   space 512K, 0% used [0x00000000d6800000,0x00000000d6800000,0x00000000d6880000)
 ParOldGen       total 68608K, used 62162K [0x0000000080000000, 0x0000000084300000, 0x00000000d5580000)
  object space 68608K, 90% used [0x0000000080000000,0x0000000083cb4bf8,0x0000000084300000)
 Metaspace       used 56639K, committed 57984K, reserved 1114112K
  class space    used 6073K, committed 6656K, reserved 1048576K
}
Event: 178.973 GC heap after
{Heap after GC invocations=63 (full 2):
 PSYoungGen      total 14848K, used 448K [0x00000000d5580000, 0x00000000d6900000, 0x0000000100000000)
  eden space 14336K, 0% used [0x00000000d5580000,0x00000000d5580000,0x00000000d6380000)
  from space 512K, 87% used [0x00000000d6800000,0x00000000d6870000,0x00000000d6880000)
  to   space 512K, 0% used [0x00000000d6880000,0x00000000d6880000,0x00000000d6900000)
 ParOldGen       total 68608K, used 62346K [0x0000000080000000, 0x0000000084300000, 0x00000000d5580000)
  object space 68608K, 90% used [0x0000000080000000,0x0000000083ce2bf8,0x0000000084300000)
 Metaspace       used 56639K, committed 57984K, reserved 1114112K
  class space    used 6073K, committed 6656K, reserved 1048576K
}
Event: 179.123 GC heap before
{Heap before GC invocations=64 (full 2):
 PSYoungGen      total 14848K, used 14784K [0x00000000d5580000, 0x00000000d6900000, 0x0000000100000000)
  eden space 14336K, 100% used [0x00000000d5580000,0x00000000d6380000,0x00000000d6380000)
  from space 512K, 87% used [0x00000000d6800000,0x00000000d6870000,0x00000000d6880000)
  to   space 512K, 0% used [0x00000000d6880000,0x00000000d6880000,0x00000000d6900000)
 ParOldGen       total 68608K, used 62346K [0x0000000080000000, 0x0000000084300000, 0x00000000d5580000)
  object space 68608K, 90% used [0x0000000080000000,0x0000000083ce2bf8,0x0000000084300000)
 Metaspace       used 56652K, committed 57984K, reserved 1114112K
  class space    used 6073K, committed 6656K, reserved 1048576K
}
Event: 179.125 GC heap after
{Heap after GC invocations=64 (full 2):
 PSYoungGen      total 14848K, used 448K [0x00000000d5580000, 0x00000000d6900000, 0x0000000100000000)
  eden space 14336K, 0% used [0x00000000d5580000,0x00000000d5580000,0x00000000d6380000)
  from space 512K, 87% used [0x00000000d6880000,0x00000000d68f0000,0x00000000d6900000)
  to   space 512K, 0% used [0x00000000d6800000,0x00000000d6800000,0x00000000d6880000)
 ParOldGen       total 68608K, used 62690K [0x0000000080000000, 0x0000000084300000, 0x00000000d5580000)
  object space 68608K, 91% used [0x0000000080000000,0x0000000083d38bf8,0x0000000084300000)
 Metaspace       used 56652K, committed 57984K, reserved 1114112K
  class space    used 6073K, committed 6656K, reserved 1048576K
}
Event: 179.231 GC heap before
{Heap before GC invocations=65 (full 2):
 PSYoungGen      total 14848K, used 14755K [0x00000000d5580000, 0x00000000d6900000, 0x0000000100000000)
  eden space 14336K, 99% used [0x00000000d5580000,0x00000000d6378c80,0x00000000d6380000)
  from space 512K, 87% used [0x00000000d6880000,0x00000000d68f0000,0x00000000d6900000)
  to   space 512K, 0% used [0x00000000d6800000,0x00000000d6800000,0x00000000d6880000)
 ParOldGen       total 68608K, used 62690K [0x0000000080000000, 0x0000000084300000, 0x00000000d5580000)
  object space 68608K, 91% used [0x0000000080000000,0x0000000083d38bf8,0x0000000084300000)
 Metaspace       used 56664K, committed 58048K, reserved 1114112K
  class space    used 6074K, committed 6656K, reserved 1048576K
}
Event: 179.233 GC heap after
{Heap after GC invocations=65 (full 2):
 PSYoungGen      total 14848K, used 504K [0x00000000d5580000, 0x00000000d6900000, 0x0000000100000000)
  eden space 14336K, 0% used [0x00000000d5580000,0x00000000d5580000,0x00000000d6380000)
  from space 512K, 98% used [0x00000000d6800000,0x00000000d687e138,0x00000000d6880000)
  to   space 512K, 0% used [0x00000000d6880000,0x00000000d6880000,0x00000000d6900000)
 ParOldGen       total 68608K, used 63058K [0x0000000080000000, 0x0000000084300000, 0x00000000d5580000)
  object space 68608K, 91% used [0x0000000080000000,0x0000000083d94bf8,0x0000000084300000)
 Metaspace       used 56664K, committed 58048K, reserved 1114112K
  class space    used 6074K, committed 6656K, reserved 1048576K
}
Event: 180.352 GC heap before
{Heap before GC invocations=66 (full 2):
 PSYoungGen      total 14848K, used 14840K [0x00000000d5580000, 0x00000000d6900000, 0x0000000100000000)
  eden space 14336K, 100% used [0x00000000d5580000,0x00000000d6380000,0x00000000d6380000)
  from space 512K, 98% used [0x00000000d6800000,0x00000000d687e138,0x00000000d6880000)
  to   space 512K, 0% used [0x00000000d6880000,0x00000000d6880000,0x00000000d6900000)
 ParOldGen       total 68608K, used 63058K [0x0000000080000000, 0x0000000084300000, 0x00000000d5580000)
  object space 68608K, 91% used [0x0000000080000000,0x0000000083d94bf8,0x0000000084300000)
 Metaspace       used 57740K, committed 59136K, reserved 1114112K
  class space    used 6182K, committed 6784K, reserved 1048576K
}
Event: 180.395 GC heap after
{Heap after GC invocations=66 (full 2):
 PSYoungGen      total 14848K, used 489K [0x00000000d5580000, 0x00000000d6a80000, 0x0000000100000000)
  eden space 14336K, 0% used [0x00000000d5580000,0x00000000d5580000,0x00000000d6380000)
  from space 512K, 95% used [0x00000000d6880000,0x00000000d68fa4e8,0x00000000d6900000)
  to   space 3584K, 0% used [0x00000000d6380000,0x00000000d6380000,0x00000000d6700000)
 ParOldGen       total 68608K, used 65343K [0x0000000080000000, 0x0000000084300000, 0x00000000d5580000)
  object space 68608K, 95% used [0x0000000080000000,0x0000000083fcff88,0x0000000084300000)
 Metaspace       used 57740K, committed 59136K, reserved 1114112K
  class space    used 6182K, committed 6784K, reserved 1048576K
}
Event: 183.722 GC heap before
{Heap before GC invocations=67 (full 2):
 PSYoungGen      total 14848K, used 7430K [0x00000000d5580000, 0x00000000d6a80000, 0x0000000100000000)
  eden space 14336K, 48% used [0x00000000d5580000,0x00000000d5c47640,0x00000000d6380000)
  from space 512K, 95% used [0x00000000d6880000,0x00000000d68fa4e8,0x00000000d6900000)
  to   space 3584K, 0% used [0x00000000d6380000,0x00000000d6380000,0x00000000d6700000)
 ParOldGen       total 68608K, used 65343K [0x0000000080000000, 0x0000000084300000, 0x00000000d5580000)
  object space 68608K, 95% used [0x0000000080000000,0x0000000083fcff88,0x0000000084300000)
 Metaspace       used 58354K, committed 59776K, reserved 1114112K
  class space    used 6220K, committed 6848K, reserved 1048576K
}
Event: 183.725 GC heap after
{Heap after GC invocations=67 (full 2):
 PSYoungGen      total 17920K, used 1297K [0x00000000d5580000, 0x00000000d6900000, 0x0000000100000000)
  eden space 14336K, 0% used [0x00000000d5580000,0x00000000d5580000,0x00000000d6380000)
  from space 3584K, 36% used [0x00000000d6380000,0x00000000d64c4738,0x00000000d6700000)
  to   space 2048K, 0% used [0x00000000d6700000,0x00000000d6700000,0x00000000d6900000)
 ParOldGen       total 68608K, used 65838K [0x0000000080000000, 0x0000000084300000, 0x00000000d5580000)
  object space 68608K, 95% used [0x0000000080000000,0x000000008404bbb0,0x0000000084300000)
 Metaspace       used 58354K, committed 59776K, reserved 1114112K
  class space    used 6220K, committed 6848K, reserved 1048576K
}
Event: 183.725 GC heap before
{Heap before GC invocations=68 (full 3):
 PSYoungGen      total 17920K, used 1297K [0x00000000d5580000, 0x00000000d6900000, 0x0000000100000000)
  eden space 14336K, 0% used [0x00000000d5580000,0x00000000d5580000,0x00000000d6380000)
  from space 3584K, 36% used [0x00000000d6380000,0x00000000d64c4738,0x00000000d6700000)
  to   space 2048K, 0% used [0x00000000d6700000,0x00000000d6700000,0x00000000d6900000)
 ParOldGen       total 68608K, used 65838K [0x0000000080000000, 0x0000000084300000, 0x00000000d5580000)
  object space 68608K, 95% used [0x0000000080000000,0x000000008404bbb0,0x0000000084300000)
 Metaspace       used 58354K, committed 59776K, reserved 1114112K
  class space    used 6220K, committed 6848K, reserved 1048576K
}
Event: 186.724 GC heap after
{Heap after GC invocations=68 (full 3):
 PSYoungGen      total 17920K, used 0K [0x00000000d5580000, 0x00000000d6900000, 0x0000000100000000)
  eden space 14336K, 0% used [0x00000000d5580000,0x00000000d5580000,0x00000000d6380000)
  from space 3584K, 0% used [0x00000000d6380000,0x00000000d6380000,0x00000000d6700000)
  to   space 2048K, 0% used [0x00000000d6700000,0x00000000d6700000,0x00000000d6900000)
 ParOldGen       total 68608K, used 59663K [0x0000000080000000, 0x0000000084300000, 0x00000000d5580000)
  object space 68608K, 86% used [0x0000000080000000,0x0000000083a43e28,0x0000000084300000)
 Metaspace       used 58354K, committed 59776K, reserved 1114112K
  class space    used 6220K, committed 6848K, reserved 1048576K
}
Event: 187.512 GC heap before
{Heap before GC invocations=69 (full 3):
 PSYoungGen      total 17920K, used 14336K [0x00000000d5580000, 0x00000000d6900000, 0x0000000100000000)
  eden space 14336K, 100% used [0x00000000d5580000,0x00000000d6380000,0x00000000d6380000)
  from space 3584K, 0% used [0x00000000d6380000,0x00000000d6380000,0x00000000d6700000)
  to   space 2048K, 0% used [0x00000000d6700000,0x00000000d6700000,0x00000000d6900000)
 ParOldGen       total 68608K, used 59663K [0x0000000080000000, 0x0000000084300000, 0x00000000d5580000)
  object space 68608K, 86% used [0x0000000080000000,0x0000000083a43e28,0x0000000084300000)
 Metaspace       used 59761K, committed 61184K, reserved 1114112K
  class space    used 6305K, committed 6912K, reserved 1048576K
}
Event: 187.515 GC heap after
{Heap after GC invocations=69 (full 3):
 PSYoungGen      total 16384K, used 2028K [0x00000000d5580000, 0x00000000d6900000, 0x0000000100000000)
  eden space 14336K, 0% used [0x00000000d5580000,0x00000000d5580000,0x00000000d6380000)
  from space 2048K, 99% used [0x00000000d6700000,0x00000000d68fb3d0,0x00000000d6900000)
  to   space 2560K, 0% used [0x00000000d6400000,0x00000000d6400000,0x00000000d6680000)
 ParOldGen       total 68608K, used 59799K [0x0000000080000000, 0x0000000084300000, 0x00000000d5580000)
  object space 68608K, 87% used [0x0000000080000000,0x0000000083a65e28,0x0000000084300000)
 Metaspace       used 59761K, committed 61184K, reserved 1114112K
  class space    used 6305K, committed 6912K, reserved 1048576K
}

