# JRE version: OpenJDK Runtime Environment Temurin-21.0.9+10 (21.0.9+10) (build 21.0.9+10-LTS)
# Java VM: OpenJDK 64-Bit Server VM Temurin-21.0.9+10 (21.0.9+10-LTS, mixed mode, emulated-client, sharing, tiered, compressed oops, compressed class ptrs, g1 gc, windows-amd64)
GC Precious Log:
 CardTable entry size: 512
 Card Set container configuration: InlinePtr #cards 5 size 8 Array Of Cards #cards 12 size 40 Howl #buckets 4 coarsen threshold 1843 Howl Bitmap #cards 512 size 80 coarsen threshold 460 Card regions per heap region 1 cards per card region 2048
 CPUs: 8 total, 8 available
 Memory: 7934M
 Large Page Support: Disabled
 NUMA Support: Disabled
 Compressed Oops: Enabled (32-bit)
 Heap Region Size: 1M
 Heap Min Capacity: 8M
 Heap Initial Capacity: 124M
 Heap Max Capacity: 1984M
 Pre-touch: Disabled
 Parallel Workers: 8
 Concurrent Workers: 2
 Concurrent Refinement Workers: 8
 Periodic GC: Disabled
Heap:
 garbage-first heap   total 262144K, used 32828K [0x0000000084000000, 0x0000000100000000)
  region size 1024K, 1 young (1024K), 1 survivors (1024K)
 Metaspace       used 49776K, committed 50624K, reserved 1114112K
  class space    used 6310K, committed 6592K, reserved 1048576K
GC Heap History (20 events):
Event: 10330.519 GC heap after
{Heap after GC invocations=241 (full 4):
 garbage-first heap   total 262144K, used 34080K [0x0000000084000000, 0x0000000100000000)
  region size 1024K, 2 young (2048K), 2 survivors (2048K)
 Metaspace       used 49695K, committed 50624K, reserved 1114112K
  class space    used 6297K, committed 6592K, reserved 1048576K
}
Event: 10334.150 GC heap before
{Heap before GC invocations=241 (full 4):
 garbage-first heap   total 262144K, used 44320K [0x0000000084000000, 0x0000000100000000)
  region size 1024K, 12 young (12288K), 2 survivors (2048K)
 Metaspace       used 49695K, committed 50624K, reserved 1114112K
  class space    used 6297K, committed 6592K, reserved 1048576K
}
Event: 10334.670 GC heap after
{Heap after GC invocations=242 (full 4):
 garbage-first heap   total 262144K, used 33176K [0x0000000084000000, 0x0000000100000000)
  region size 1024K, 1 young (1024K), 1 survivors (1024K)
 Metaspace       used 49695K, committed 50624K, reserved 1114112K
  class space    used 6297K, committed 6592K, reserved 1048576K
}
Event: 10338.897 GC heap before
{Heap before GC invocations=242 (full 4):
 garbage-first heap   total 262144K, used 44440K [0x0000000084000000, 0x0000000100000000)
  region size 1024K, 12 young (12288K), 1 survivors (1024K)
 Metaspace       used 49695K, committed 50624K, reserved 1114112K
  class space    used 6297K, committed 6592K, reserved 1048576K
}
Event: 10339.122 GC heap after
{Heap after GC invocations=243 (full 4):
 garbage-first heap   total 262144K, used 32375K [0x0000000084000000, 0x0000000100000000)
  region size 1024K, 1 young (1024K), 1 survivors (1024K)
 Metaspace       used 49695K, committed 50624K, reserved 1114112K
  class space    used 6297K, committed 6592K, reserved 1048576K
}
Event: 10343.570 GC heap before
{Heap before GC invocations=243 (full 4):
 garbage-first heap   total 262144K, used 43639K [0x0000000084000000, 0x0000000100000000)
  region size 1024K, 12 young (12288K), 1 survivors (1024K)
 Metaspace       used 49695K, committed 50624K, reserved 1114112K
  class space    used 6297K, committed 6592K, reserved 1048576K
}
Event: 10343.579 GC heap after
{Heap after GC invocations=244 (full 4):
 garbage-first heap   total 262144K, used 34007K [0x0000000084000000, 0x0000000100000000)
  region size 1024K, 2 young (2048K), 2 survivors (2048K)
 Metaspace       used 49695K, committed 50624K, reserved 1114112K
  class space    used 6297K, committed 6592K, reserved 1048576K
}
Event: 10347.337 GC heap before
{Heap before GC invocations=244 (full 4):
 garbage-first heap   total 262144K, used 44247K [0x0000000084000000, 0x0000000100000000)
  region size 1024K, 12 young (12288K), 2 survivors (2048K)
 Metaspace       used 49695K, committed 50624K, reserved 1114112K
  class space    used 6297K, committed 6592K, reserved 1048576K
}
Event: 10347.350 GC heap after
{Heap after GC invocations=245 (full 4):
 garbage-first heap   total 262144K, used 32943K [0x0000000084000000, 0x0000000100000000)
  region size 1024K, 1 young (1024K), 1 survivors (1024K)
 Metaspace       used 49695K, committed 50624K, reserved 1114112K
  class space    used 6297K, committed 6592K, reserved 1048576K
}
Event: 10403.550 GC heap before
{Heap before GC invocations=245 (full 4):
 garbage-first heap   total 262144K, used 188591K [0x0000000084000000, 0x0000000100000000)
  region size 1024K, 153 young (156672K), 1 survivors (1024K)
 Metaspace       used 49695K, committed 50624K, reserved 1114112K
  class space    used 6297K, committed 6592K, reserved 1048576K
}
Event: 10403.557 GC heap after
{Heap after GC invocations=246 (full 4):
 garbage-first heap   total 262144K, used 34054K [0x0000000084000000, 0x0000000100000000)
  region size 1024K, 2 young (2048K), 2 survivors (2048K)
 Metaspace       used 49695K, committed 50624K, reserved 1114112K
  class space    used 6297K, committed 6592K, reserved 1048576K
}
Event: 10462.765 GC heap before
{Heap before GC invocations=246 (full 4):
 garbage-first heap   total 262144K, used 187654K [0x0000000084000000, 0x0000000100000000)
  region size 1024K, 153 young (156672K), 2 survivors (2048K)
 Metaspace       used 49774K, committed 50624K, reserved 1114112K
  class space    used 6310K, committed 6592K, reserved 1048576K
}
Event: 10462.829 GC heap after
{Heap after GC invocations=247 (full 4):
 garbage-first heap   total 262144K, used 33503K [0x0000000084000000, 0x0000000100000000)
  region size 1024K, 2 young (2048K), 2 survivors (2048K)
 Metaspace       used 49774K, committed 50624K, reserved 1114112K
  class space    used 6310K, committed 6592K, reserved 1048576K
}
Event: 10600.733 GC heap before
{Heap before GC invocations=247 (full 4):
 garbage-first heap   total 262144K, used 188127K [0x0000000084000000, 0x0000000100000000)
  region size 1024K, 153 young (156672K), 2 survivors (2048K)
 Metaspace       used 49776K, committed 50624K, reserved 1114112K
  class space    used 6310K, committed 6592K, reserved 1048576K
}
Event: 10601.805 GC heap after
{Heap after GC invocations=248 (full 4):
 garbage-first heap   total 262144K, used 33461K [0x0000000084000000, 0x0000000100000000)
  region size 1024K, 2 young (2048K), 2 survivors (2048K)
 Metaspace       used 49776K, committed 50624K, reserved 1114112K
  class space    used 6310K, committed 6592K, reserved 1048576K
}
Event: 10606.640 GC heap before
{Heap before GC invocations=248 (full 4):
 garbage-first heap   total 262144K, used 43701K [0x0000000084000000, 0x0000000100000000)
  region size 1024K, 12 young (12288K), 2 survivors (2048K)
 Metaspace       used 49776K, committed 50624K, reserved 1114112K
  class space    used 6310K, committed 6592K, reserved 1048576K
}
Event: 10607.802 GC heap after
{Heap after GC invocations=249 (full 4):
 garbage-first heap   total 262144K, used 34467K [0x0000000084000000, 0x0000000100000000)
  region size 1024K, 2 young (2048K), 2 survivors (2048K)
 Metaspace       used 49776K, committed 50624K, reserved 1114112K
  class space    used 6310K, committed 6592K, reserved 1048576K
}
Event: 10611.853 GC heap before
{Heap before GC invocations=249 (full 4):
 garbage-first heap   total 262144K, used 44707K [0x0000000084000000, 0x0000000100000000)
  region size 1024K, 12 young (12288K), 2 survivors (2048K)
 Metaspace       used 49776K, committed 50624K, reserved 1114112K
  class space    used 6310K, committed 6592K, reserved 1048576K
}
Event: 10612.096 GC heap after
{Heap after GC invocations=250 (full 4):
 garbage-first heap   total 262144K, used 33712K [0x0000000084000000, 0x0000000100000000)
  region size 1024K, 1 young (1024K), 1 survivors (1024K)
 Metaspace       used 49776K, committed 50624K, reserved 1114112K
  class space    used 6310K, committed 6592K, reserved 1048576K
}
Event: 10616.352 GC heap before
{Heap before GC invocations=250 (full 4):
 garbage-first heap   total 262144K, used 44976K [0x0000000084000000, 0x0000000100000000)
  region size 1024K, 12 young (12288K), 1 survivors (1024K)
 Metaspace       used 49776K, committed 50624K, reserved 1114112K
  class space    used 6310K, committed 6592K, reserved 1048576K
}

