# JRE version: OpenJDK Runtime Environment Temurin-21.0.9+10 (21.0.9+10) (build 21.0.9+10-LTS)
# Java VM: OpenJDK 64-Bit Server VM Temurin-21.0.9+10 (21.0.9+10-LTS, mixed mode, emulated-client, sharing, tiered, compressed oops, compressed class ptrs, g1 gc, windows-amd64)
GC Precious Log:
 CardTable entry size: 512
 Card Set container configuration: InlinePtr #cards 5 size 8 Array Of Cards #cards 12 size 40 Howl #buckets 4 coarsen threshold 1843 Howl Bitmap #cards 512 size 80 coarsen threshold 460 Card regions per heap region 1 cards per card region 2048
 CPUs: 8 total, 8 available
 Memory: 7934M
 Large Page Support: Disabled
 NUMA Support: Disabled
 Compressed Oops: Enabled (32-bit)
 Heap Region Size: 1M
 Heap Min Capacity: 8M
 Heap Initial Capacity: 124M
 Heap Max Capacity: 1984M
 Pre-touch: Disabled
 Parallel Workers: 8
 Concurrent Workers: 2
 Concurrent Refinement Workers: 8
 Periodic GC: Disabled
Heap:
 garbage-first heap   total 185344K, used 30476K [0x0000000084000000, 0x0000000100000000)
  region size 1024K, 2 young (2048K), 2 survivors (2048K)
 Metaspace       used 49898K, committed 50560K, reserved 1114112K
  class space    used 6311K, committed 6592K, reserved 1048576K
GC Heap History (20 events):
Event: 8044.970 GC heap after
{Heap after GC invocations=383 (full 1):
 garbage-first heap   total 185344K, used 30546K [0x0000000084000000, 0x0000000100000000)
  region size 1024K, 2 young (2048K), 2 survivors (2048K)
 Metaspace       used 49898K, committed 50560K, reserved 1114112K
  class space    used 6311K, committed 6592K, reserved 1048576K
}
Event: 8048.994 GC heap before
{Heap before GC invocations=383 (full 1):
 garbage-first heap   total 185344K, used 37714K [0x0000000084000000, 0x0000000100000000)
  region size 1024K, 9 young (9216K), 2 survivors (2048K)
 Metaspace       used 49898K, committed 50560K, reserved 1114112K
  class space    used 6311K, committed 6592K, reserved 1048576K
}
Event: 8049.015 GC heap after
{Heap after GC invocations=384 (full 1):
 garbage-first heap   total 185344K, used 30600K [0x0000000084000000, 0x0000000100000000)
  region size 1024K, 2 young (2048K), 2 survivors (2048K)
 Metaspace       used 49898K, committed 50560K, reserved 1114112K
  class space    used 6311K, committed 6592K, reserved 1048576K
}
Event: 8052.038 GC heap before
{Heap before GC invocations=384 (full 1):
 garbage-first heap   total 185344K, used 36744K [0x0000000084000000, 0x0000000100000000)
  region size 1024K, 9 young (9216K), 2 survivors (2048K)
 Metaspace       used 49898K, committed 50560K, reserved 1114112K
  class space    used 6311K, committed 6592K, reserved 1048576K
}
Event: 8052.045 GC heap after
{Heap after GC invocations=385 (full 1):
 garbage-first heap   total 185344K, used 30684K [0x0000000084000000, 0x0000000100000000)
  region size 1024K, 2 young (2048K), 2 survivors (2048K)
 Metaspace       used 49898K, committed 50560K, reserved 1114112K
  class space    used 6311K, committed 6592K, reserved 1048576K
}
Event: 8055.086 GC heap before
{Heap before GC invocations=385 (full 1):
 garbage-first heap   total 185344K, used 37852K [0x0000000084000000, 0x0000000100000000)
  region size 1024K, 9 young (9216K), 2 survivors (2048K)
 Metaspace       used 49898K, committed 50560K, reserved 1114112K
  class space    used 6311K, committed 6592K, reserved 1048576K
}
Event: 8055.092 GC heap after
{Heap after GC invocations=386 (full 1):
 garbage-first heap   total 185344K, used 30655K [0x0000000084000000, 0x0000000100000000)
  region size 1024K, 2 young (2048K), 2 survivors (2048K)
 Metaspace       used 49898K, committed 50560K, reserved 1114112K
  class space    used 6311K, committed 6592K, reserved 1048576K
}
Event: 8058.264 GC heap before
{Heap before GC invocations=386 (full 1):
 garbage-first heap   total 185344K, used 37823K [0x0000000084000000, 0x0000000100000000)
  region size 1024K, 9 young (9216K), 2 survivors (2048K)
 Metaspace       used 49898K, committed 50560K, reserved 1114112K
  class space    used 6311K, committed 6592K, reserved 1048576K
}
Event: 8058.289 GC heap after
{Heap after GC invocations=387 (full 1):
 garbage-first heap   total 185344K, used 28986K [0x0000000084000000, 0x0000000100000000)
  region size 1024K, 1 young (1024K), 1 survivors (1024K)
 Metaspace       used 49898K, committed 50560K, reserved 1114112K
  class space    used 6311K, committed 6592K, reserved 1048576K
}
Event: 8063.157 GC heap before
{Heap before GC invocations=387 (full 1):
 garbage-first heap   total 185344K, used 37178K [0x0000000084000000, 0x0000000100000000)
  region size 1024K, 9 young (9216K), 1 survivors (1024K)
 Metaspace       used 49898K, committed 50560K, reserved 1114112K
  class space    used 6311K, committed 6592K, reserved 1048576K
}
Event: 8063.225 GC heap after
{Heap after GC invocations=388 (full 1):
 garbage-first heap   total 185344K, used 29426K [0x0000000084000000, 0x0000000100000000)
  region size 1024K, 1 young (1024K), 1 survivors (1024K)
 Metaspace       used 49898K, committed 50560K, reserved 1114112K
  class space    used 6311K, committed 6592K, reserved 1048576K
}
Event: 8072.289 GC heap before
{Heap before GC invocations=388 (full 1):
 garbage-first heap   total 185344K, used 37618K [0x0000000084000000, 0x0000000100000000)
  region size 1024K, 9 young (9216K), 1 survivors (1024K)
 Metaspace       used 49898K, committed 50560K, reserved 1114112K
  class space    used 6311K, committed 6592K, reserved 1048576K
}
Event: 8073.941 GC heap after
{Heap after GC invocations=389 (full 1):
 garbage-first heap   total 185344K, used 30029K [0x0000000084000000, 0x0000000100000000)
  region size 1024K, 2 young (2048K), 2 survivors (2048K)
 Metaspace       used 49898K, committed 50560K, reserved 1114112K
  class space    used 6311K, committed 6592K, reserved 1048576K
}
Event: 8076.002 GC heap before
{Heap before GC invocations=389 (full 1):
 garbage-first heap   total 185344K, used 37197K [0x0000000084000000, 0x0000000100000000)
  region size 1024K, 9 young (9216K), 2 survivors (2048K)
 Metaspace       used 49898K, committed 50560K, reserved 1114112K
  class space    used 6311K, committed 6592K, reserved 1048576K
}
Event: 8076.004 GC heap after
{Heap after GC invocations=390 (full 1):
 garbage-first heap   total 185344K, used 30271K [0x0000000084000000, 0x0000000100000000)
  region size 1024K, 2 young (2048K), 2 survivors (2048K)
 Metaspace       used 49898K, committed 50560K, reserved 1114112K
  class space    used 6311K, committed 6592K, reserved 1048576K
}
Event: 8078.099 GC heap before
{Heap before GC invocations=390 (full 1):
 garbage-first heap   total 185344K, used 37439K [0x0000000084000000, 0x0000000100000000)
  region size 1024K, 9 young (9216K), 2 survivors (2048K)
 Metaspace       used 49898K, committed 50560K, reserved 1114112K
  class space    used 6311K, committed 6592K, reserved 1048576K
}
Event: 8078.172 GC heap after
{Heap after GC invocations=391 (full 1):
 garbage-first heap   total 185344K, used 30342K [0x0000000084000000, 0x0000000100000000)
  region size 1024K, 2 young (2048K), 2 survivors (2048K)
 Metaspace       used 49898K, committed 50560K, reserved 1114112K
  class space    used 6311K, committed 6592K, reserved 1048576K
}
Event: 8080.421 GC heap before
{Heap before GC invocations=391 (full 1):
 garbage-first heap   total 185344K, used 37510K [0x0000000084000000, 0x0000000100000000)
  region size 1024K, 9 young (9216K), 2 survivors (2048K)
 Metaspace       used 49898K, committed 50560K, reserved 1114112K
  class space    used 6311K, committed 6592K, reserved 1048576K
}
Event: 8080.966 GC heap after
{Heap after GC invocations=392 (full 1):
 garbage-first heap   total 185344K, used 30582K [0x0000000084000000, 0x0000000100000000)
  region size 1024K, 2 young (2048K), 2 survivors (2048K)
 Metaspace       used 49898K, committed 50560K, reserved 1114112K
  class space    used 6311K, committed 6592K, reserved 1048576K
}
Event: 8082.765 GC heap before
{Heap before GC invocations=392 (full 1):
 garbage-first heap   total 185344K, used 37750K [0x0000000084000000, 0x0000000100000000)
  region size 1024K, 9 young (9216K), 2 survivors (2048K)
 Metaspace       used 49898K, committed 50560K, reserved 1114112K
  class space    used 6311K, committed 6592K, reserved 1048576K
}

