# JRE version: OpenJDK Runtime Environment Temurin-21.0.9+10 (21.0.9+10) (build 21.0.9+10-LTS)
# Java VM: OpenJDK 64-Bit Server VM Temurin-21.0.9+10 (21.0.9+10-LTS, mixed mode, emulated-client, sharing, tiered, compressed oops, compressed class ptrs, g1 gc, windows-amd64)
GC Precious Log:
 CardTable entry size: 512
 Card Set container configuration: InlinePtr #cards 5 size 8 Array Of Cards #cards 12 size 40 Howl #buckets 4 coarsen threshold 1843 Howl Bitmap #cards 512 size 80 coarsen threshold 460 Card regions per heap region 1 cards per card region 2048
 CPUs: 8 total, 8 available
 Memory: 7934M
 Large Page Support: Disabled
 NUMA Support: Disabled
 Compressed Oops: Enabled (32-bit)
 Heap Region Size: 1M
 Heap Min Capacity: 8M
 Heap Initial Capacity: 124M
 Heap Max Capacity: 1984M
 Pre-touch: Disabled
 Parallel Workers: 8
 Concurrent Workers: 2
 Concurrent Refinement Workers: 8
 Periodic GC: Disabled
Heap:
 garbage-first heap   total 122880K, used 36215K [0x0000000084000000, 0x0000000100000000)
  region size 1024K, 1 young (1024K), 0 survivors (0K)
 Metaspace       used 51797K, committed 53120K, reserved 1114112K
  class space    used 7366K, committed 7872K, reserved 1048576K
GC Heap History (20 events):
Event: 308.365 GC heap after
{Heap after GC invocations=53 (full 22):
 garbage-first heap   total 122880K, used 36214K [0x0000000084000000, 0x0000000100000000)
  region size 1024K, 0 young (0K), 0 survivors (0K)
 Metaspace       used 51797K, committed 53120K, reserved 1114112K
  class space    used 7366K, committed 7872K, reserved 1048576K
}
Event: 318.696 GC heap before
{Heap before GC invocations=53 (full 22):
 garbage-first heap   total 122880K, used 36214K [0x0000000084000000, 0x0000000100000000)
  region size 1024K, 1 young (1024K), 0 survivors (0K)
 Metaspace       used 51797K, committed 53120K, reserved 1114112K
  class space    used 7366K, committed 7872K, reserved 1048576K
}
Event: 318.775 GC heap after
{Heap after GC invocations=54 (full 23):
 garbage-first heap   total 122880K, used 36214K [0x0000000084000000, 0x0000000100000000)
  region size 1024K, 0 young (0K), 0 survivors (0K)
 Metaspace       used 51797K, committed 53120K, reserved 1114112K
  class space    used 7366K, committed 7872K, reserved 1048576K
}
Event: 329.110 GC heap before
{Heap before GC invocations=54 (full 23):
 garbage-first heap   total 122880K, used 36214K [0x0000000084000000, 0x0000000100000000)
  region size 1024K, 1 young (1024K), 0 survivors (0K)
 Metaspace       used 51797K, committed 53120K, reserved 1114112K
  class space    used 7366K, committed 7872K, reserved 1048576K
}
Event: 329.151 GC heap after
{Heap after GC invocations=55 (full 24):
 garbage-first heap   total 122880K, used 36215K [0x0000000084000000, 0x0000000100000000)
  region size 1024K, 0 young (0K), 0 survivors (0K)
 Metaspace       used 51797K, committed 53120K, reserved 1114112K
  class space    used 7366K, committed 7872K, reserved 1048576K
}
Event: 339.548 GC heap before
{Heap before GC invocations=55 (full 24):
 garbage-first heap   total 122880K, used 36215K [0x0000000084000000, 0x0000000100000000)
  region size 1024K, 1 young (1024K), 0 survivors (0K)
 Metaspace       used 51797K, committed 53120K, reserved 1114112K
  class space    used 7366K, committed 7872K, reserved 1048576K
}
Event: 339.604 GC heap after
{Heap after GC invocations=56 (full 25):
 garbage-first heap   total 122880K, used 36215K [0x0000000084000000, 0x0000000100000000)
  region size 1024K, 0 young (0K), 0 survivors (0K)
 Metaspace       used 51797K, committed 53120K, reserved 1114112K
  class space    used 7366K, committed 7872K, reserved 1048576K
}
Event: 350.065 GC heap before
{Heap before GC invocations=56 (full 25):
 garbage-first heap   total 122880K, used 36215K [0x0000000084000000, 0x0000000100000000)
  region size 1024K, 1 young (1024K), 0 survivors (0K)
 Metaspace       used 51797K, committed 53120K, reserved 1114112K
  class space    used 7366K, committed 7872K, reserved 1048576K
}
Event: 350.129 GC heap after
{Heap after GC invocations=57 (full 26):
 garbage-first heap   total 122880K, used 36215K [0x0000000084000000, 0x0000000100000000)
  region size 1024K, 0 young (0K), 0 survivors (0K)
 Metaspace       used 51797K, committed 53120K, reserved 1114112K
  class space    used 7366K, committed 7872K, reserved 1048576K
}
Event: 360.677 GC heap before
{Heap before GC invocations=57 (full 26):
 garbage-first heap   total 122880K, used 36215K [0x0000000084000000, 0x0000000100000000)
  region size 1024K, 1 young (1024K), 0 survivors (0K)
 Metaspace       used 51797K, committed 53120K, reserved 1114112K
  class space    used 7366K, committed 7872K, reserved 1048576K
}
Event: 360.722 GC heap after
{Heap after GC invocations=58 (full 27):
 garbage-first heap   total 122880K, used 36215K [0x0000000084000000, 0x0000000100000000)
  region size 1024K, 0 young (0K), 0 survivors (0K)
 Metaspace       used 51797K, committed 53120K, reserved 1114112K
  class space    used 7366K, committed 7872K, reserved 1048576K
}
Event: 371.357 GC heap before
{Heap before GC invocations=58 (full 27):
 garbage-first heap   total 122880K, used 36215K [0x0000000084000000, 0x0000000100000000)
  region size 1024K, 1 young (1024K), 0 survivors (0K)
 Metaspace       used 51797K, committed 53120K, reserved 1114112K
  class space    used 7366K, committed 7872K, reserved 1048576K
}
Event: 371.407 GC heap after
{Heap after GC invocations=59 (full 28):
 garbage-first heap   total 122880K, used 36215K [0x0000000084000000, 0x0000000100000000)
  region size 1024K, 0 young (0K), 0 survivors (0K)
 Metaspace       used 51797K, committed 53120K, reserved 1114112K
  class space    used 7366K, committed 7872K, reserved 1048576K
}
Event: 382.749 GC heap before
{Heap before GC invocations=59 (full 28):
 garbage-first heap   total 122880K, used 36215K [0x0000000084000000, 0x0000000100000000)
  region size 1024K, 1 young (1024K), 0 survivors (0K)
 Metaspace       used 51797K, committed 53120K, reserved 1114112K
  class space    used 7366K, committed 7872K, reserved 1048576K
}
Event: 382.821 GC heap after
{Heap after GC invocations=60 (full 29):
 garbage-first heap   total 122880K, used 36215K [0x0000000084000000, 0x0000000100000000)
  region size 1024K, 0 young (0K), 0 survivors (0K)
 Metaspace       used 51797K, committed 53120K, reserved 1114112K
  class space    used 7366K, committed 7872K, reserved 1048576K
}
Event: 398.885 GC heap before
{Heap before GC invocations=60 (full 29):
 garbage-first heap   total 122880K, used 36215K [0x0000000084000000, 0x0000000100000000)
  region size 1024K, 1 young (1024K), 0 survivors (0K)
 Metaspace       used 51797K, committed 53120K, reserved 1114112K
  class space    used 7366K, committed 7872K, reserved 1048576K
}
Event: 399.193 GC heap after
{Heap after GC invocations=61 (full 30):
 garbage-first heap   total 122880K, used 36215K [0x0000000084000000, 0x0000000100000000)
  region size 1024K, 0 young (0K), 0 survivors (0K)
 Metaspace       used 51797K, committed 53120K, reserved 1114112K
  class space    used 7366K, committed 7872K, reserved 1048576K
}
Event: 409.887 GC heap before
{Heap before GC invocations=61 (full 30):
 garbage-first heap   total 122880K, used 36215K [0x0000000084000000, 0x0000000100000000)
  region size 1024K, 1 young (1024K), 0 survivors (0K)
 Metaspace       used 51797K, committed 53120K, reserved 1114112K
  class space    used 7366K, committed 7872K, reserved 1048576K
}
Event: 410.096 GC heap after
{Heap after GC invocations=62 (full 31):
 garbage-first heap   total 122880K, used 36215K [0x0000000084000000, 0x0000000100000000)
  region size 1024K, 0 young (0K), 0 survivors (0K)
 Metaspace       used 51797K, committed 53120K, reserved 1114112K
  class space    used 7366K, committed 7872K, reserved 1048576K
}
Event: 420.359 GC heap before
{Heap before GC invocations=62 (full 31):
 garbage-first heap   total 122880K, used 36215K [0x0000000084000000, 0x0000000100000000)
  region size 1024K, 1 young (1024K), 0 survivors (0K)
 Metaspace       used 51797K, committed 53120K, reserved 1114112K
  class space    used 7366K, committed 7872K, reserved 1048576K
}

