# JRE version: OpenJDK Runtime Environment Temurin-21.0.9+10 (21.0.9+10) (build 21.0.9+10-LTS)
# Java VM: OpenJDK 64-Bit Server VM Temurin-21.0.9+10 (21.0.9+10-LTS, mixed mode, emulated-client, sharing, tiered, compressed oops, compressed class ptrs, g1 gc, windows-amd64)
GC Precious Log:
 CardTable entry size: 512
 Card Set container configuration: InlinePtr #cards 5 size 8 Array Of Cards #cards 12 size 40 Howl #buckets 4 coarsen threshold 1843 Howl Bitmap #cards 512 size 80 coarsen threshold 460 Card regions per heap region 1 cards per card region 2048
 CPUs: 8 total, 8 available
 Memory: 7934M
 Large Page Support: Disabled
 NUMA Support: Disabled
 Compressed Oops: Enabled (32-bit)
 Heap Region Size: 1M
 Heap Min Capacity: 8M
 Heap Initial Capacity: 124M
 Heap Max Capacity: 1984M
 Pre-touch: Disabled
 Parallel Workers: 8
 Concurrent Workers: 2
 Concurrent Refinement Workers: 8
 Periodic GC: Disabled
Heap:
 garbage-first heap   total 130048K, used 38033K [0x0000000084000000, 0x0000000100000000)
  region size 1024K, 1 young (1024K), 0 survivors (0K)
 Metaspace       used 58726K, committed 59776K, reserved 1114112K
  class space    used 8096K, committed 8512K, reserved 1048576K
GC Heap History (20 events):
Event: 1248.933 GC heap after
{Heap after GC invocations=140 (full 96):
 garbage-first heap   total 130048K, used 37647K [0x0000000084000000, 0x0000000100000000)
  region size 1024K, 0 young (0K), 0 survivors (0K)
 Metaspace       used 58644K, committed 59776K, reserved 1114112K
  class space    used 8075K, committed 8512K, reserved 1048576K
}
Event: 1259.268 GC heap before
{Heap before GC invocations=140 (full 96):
 garbage-first heap   total 130048K, used 37647K [0x0000000084000000, 0x0000000100000000)
  region size 1024K, 1 young (1024K), 0 survivors (0K)
 Metaspace       used 58644K, committed 59776K, reserved 1114112K
  class space    used 8075K, committed 8512K, reserved 1048576K
}
Event: 1259.300 GC heap after
{Heap after GC invocations=141 (full 97):
 garbage-first heap   total 130048K, used 37647K [0x0000000084000000, 0x0000000100000000)
  region size 1024K, 0 young (0K), 0 survivors (0K)
 Metaspace       used 58644K, committed 59776K, reserved 1114112K
  class space    used 8075K, committed 8512K, reserved 1048576K
}
Event: 1269.695 GC heap before
{Heap before GC invocations=141 (full 97):
 garbage-first heap   total 130048K, used 37647K [0x0000000084000000, 0x0000000100000000)
  region size 1024K, 1 young (1024K), 0 survivors (0K)
 Metaspace       used 58644K, committed 59776K, reserved 1114112K
  class space    used 8075K, committed 8512K, reserved 1048576K
}
Event: 1269.744 GC heap after
{Heap after GC invocations=142 (full 98):
 garbage-first heap   total 130048K, used 37647K [0x0000000084000000, 0x0000000100000000)
  region size 1024K, 0 young (0K), 0 survivors (0K)
 Metaspace       used 58644K, committed 59776K, reserved 1114112K
  class space    used 8075K, committed 8512K, reserved 1048576K
}
Event: 1280.065 GC heap before
{Heap before GC invocations=142 (full 98):
 garbage-first heap   total 130048K, used 37647K [0x0000000084000000, 0x0000000100000000)
  region size 1024K, 1 young (1024K), 0 survivors (0K)
 Metaspace       used 58644K, committed 59776K, reserved 1114112K
  class space    used 8075K, committed 8512K, reserved 1048576K
}
Event: 1280.093 GC heap after
{Heap after GC invocations=143 (full 99):
 garbage-first heap   total 130048K, used 37647K [0x0000000084000000, 0x0000000100000000)
  region size 1024K, 0 young (0K), 0 survivors (0K)
 Metaspace       used 58644K, committed 59776K, reserved 1114112K
  class space    used 8075K, committed 8512K, reserved 1048576K
}
Event: 1290.393 GC heap before
{Heap before GC invocations=143 (full 99):
 garbage-first heap   total 130048K, used 37647K [0x0000000084000000, 0x0000000100000000)
  region size 1024K, 1 young (1024K), 0 survivors (0K)
 Metaspace       used 58644K, committed 59776K, reserved 1114112K
  class space    used 8075K, committed 8512K, reserved 1048576K
}
Event: 1290.426 GC heap after
{Heap after GC invocations=144 (full 100):
 garbage-first heap   total 130048K, used 37647K [0x0000000084000000, 0x0000000100000000)
  region size 1024K, 0 young (0K), 0 survivors (0K)
 Metaspace       used 58644K, committed 59776K, reserved 1114112K
  class space    used 8075K, committed 8512K, reserved 1048576K
}
Event: 1301.241 GC heap before
{Heap before GC invocations=144 (full 100):
 garbage-first heap   total 130048K, used 37647K [0x0000000084000000, 0x0000000100000000)
  region size 1024K, 1 young (1024K), 0 survivors (0K)
 Metaspace       used 58644K, committed 59776K, reserved 1114112K
  class space    used 8075K, committed 8512K, reserved 1048576K
}
Event: 1301.281 GC heap after
{Heap after GC invocations=145 (full 101):
 garbage-first heap   total 130048K, used 37647K [0x0000000084000000, 0x0000000100000000)
  region size 1024K, 0 young (0K), 0 survivors (0K)
 Metaspace       used 58644K, committed 59776K, reserved 1114112K
  class space    used 8075K, committed 8512K, reserved 1048576K
}
Event: 1342.853 GC heap before
{Heap before GC invocations=145 (full 101):
 garbage-first heap   total 130048K, used 42767K [0x0000000084000000, 0x0000000100000000)
  region size 1024K, 7 young (7168K), 0 survivors (0K)
 Metaspace       used 58682K, committed 59776K, reserved 1114112K
  class space    used 8082K, committed 8512K, reserved 1048576K
}
Event: 1343.198 GC heap after
{Heap after GC invocations=146 (full 102):
 garbage-first heap   total 130048K, used 37728K [0x0000000084000000, 0x0000000100000000)
  region size 1024K, 0 young (0K), 0 survivors (0K)
 Metaspace       used 58682K, committed 59776K, reserved 1114112K
  class space    used 8082K, committed 8512K, reserved 1048576K
}
Event: 1384.311 GC heap before
{Heap before GC invocations=146 (full 102):
 garbage-first heap   total 130048K, used 43872K [0x0000000084000000, 0x0000000100000000)
  region size 1024K, 8 young (8192K), 0 survivors (0K)
 Metaspace       used 58729K, committed 59776K, reserved 1114112K
  class space    used 8097K, committed 8512K, reserved 1048576K
}
Event: 1384.866 GC heap after
{Heap after GC invocations=147 (full 103):
 garbage-first heap   total 130048K, used 38033K [0x0000000084000000, 0x0000000100000000)
  region size 1024K, 0 young (0K), 0 survivors (0K)
 Metaspace       used 58729K, committed 59776K, reserved 1114112K
  class space    used 8097K, committed 8512K, reserved 1048576K
}
Event: 1395.351 GC heap before
{Heap before GC invocations=147 (full 103):
 garbage-first heap   total 130048K, used 38033K [0x0000000084000000, 0x0000000100000000)
  region size 1024K, 1 young (1024K), 0 survivors (0K)
 Metaspace       used 58729K, committed 59776K, reserved 1114112K
  class space    used 8097K, committed 8512K, reserved 1048576K
}
Event: 1395.707 GC heap after
{Heap after GC invocations=148 (full 104):
 garbage-first heap   total 130048K, used 38033K [0x0000000084000000, 0x0000000100000000)
  region size 1024K, 0 young (0K), 0 survivors (0K)
 Metaspace       used 58729K, committed 59776K, reserved 1114112K
  class space    used 8097K, committed 8512K, reserved 1048576K
}
Event: 1407.873 GC heap before
{Heap before GC invocations=148 (full 104):
 garbage-first heap   total 130048K, used 38033K [0x0000000084000000, 0x0000000100000000)
  region size 1024K, 1 young (1024K), 0 survivors (0K)
 Metaspace       used 58729K, committed 59776K, reserved 1114112K
  class space    used 8097K, committed 8512K, reserved 1048576K
}
Event: 1409.911 GC heap after
{Heap after GC invocations=149 (full 105):
 garbage-first heap   total 130048K, used 38033K [0x0000000084000000, 0x0000000100000000)
  region size 1024K, 0 young (0K), 0 survivors (0K)
 Metaspace       used 58726K, committed 59776K, reserved 1114112K
  class space    used 8096K, committed 8512K, reserved 1048576K
}
Event: 1421.907 GC heap before
{Heap before GC invocations=149 (full 105):
 garbage-first heap   total 130048K, used 38033K [0x0000000084000000, 0x0000000100000000)
  region size 1024K, 1 young (1024K), 0 survivors (0K)
 Metaspace       used 58726K, committed 59776K, reserved 1114112K
  class space    used 8096K, committed 8512K, reserved 1048576K
}

