# JRE version: OpenJDK Runtime Environment Temurin-21.0.9+10 (21.0.9+10) (build 21.0.9+10-LTS)
# Java VM: OpenJDK 64-Bit Server VM Temurin-21.0.9+10 (21.0.9+10-LTS, mixed mode, emulated-client, sharing, tiered, compressed oops, compressed class ptrs, g1 gc, windows-amd64)
GC Precious Log:
 CardTable entry size: 512
 Card Set container configuration: InlinePtr #cards 5 size 8 Array Of Cards #cards 12 size 40 Howl #buckets 4 coarsen threshold 1843 Howl Bitmap #cards 512 size 80 coarsen threshold 460 Card regions per heap region 1 cards per card region 2048
 CPUs: 8 total, 8 available
 Memory: 7934M
 Large Page Support: Disabled
 NUMA Support: Disabled
 Compressed Oops: Enabled (32-bit)
 Heap Region Size: 1M
 Heap Min Capacity: 8M
 Heap Initial Capacity: 124M
 Heap Max Capacity: 1984M
 Pre-touch: Disabled
 Parallel Workers: 8
 Concurrent Workers: 2
 Concurrent Refinement Workers: 8
 Periodic GC: Disabled
Heap:
 garbage-first heap   total 122880K, used 36138K [0x0000000084000000, 0x0000000100000000)
  region size 1024K, 1 young (1024K), 0 survivors (0K)
 Metaspace       used 51863K, committed 53120K, reserved 1114112K
  class space    used 7383K, committed 7872K, reserved 1048576K
GC Heap History (20 events):
Event: 4723.963 GC heap after
{Heap after GC invocations=431 (full 388):
 garbage-first heap   total 122880K, used 36138K [0x0000000084000000, 0x0000000100000000)
  region size 1024K, 0 young (0K), 0 survivors (0K)
 Metaspace       used 51863K, committed 53120K, reserved 1114112K
  class space    used 7383K, committed 7872K, reserved 1048576K
}
Event: 4736.034 GC heap before
{Heap before GC invocations=431 (full 388):
 garbage-first heap   total 122880K, used 36138K [0x0000000084000000, 0x0000000100000000)
  region size 1024K, 1 young (1024K), 0 survivors (0K)
 Metaspace       used 51863K, committed 53120K, reserved 1114112K
  class space    used 7383K, committed 7872K, reserved 1048576K
}
Event: 4736.204 GC heap after
{Heap after GC invocations=432 (full 389):
 garbage-first heap   total 122880K, used 36138K [0x0000000084000000, 0x0000000100000000)
  region size 1024K, 0 young (0K), 0 survivors (0K)
 Metaspace       used 51863K, committed 53120K, reserved 1114112K
  class space    used 7383K, committed 7872K, reserved 1048576K
}
Event: 4748.523 GC heap before
{Heap before GC invocations=432 (full 389):
 garbage-first heap   total 122880K, used 36138K [0x0000000084000000, 0x0000000100000000)
  region size 1024K, 1 young (1024K), 0 survivors (0K)
 Metaspace       used 51863K, committed 53120K, reserved 1114112K
  class space    used 7383K, committed 7872K, reserved 1048576K
}
Event: 4748.711 GC heap after
{Heap after GC invocations=433 (full 390):
 garbage-first heap   total 122880K, used 36138K [0x0000000084000000, 0x0000000100000000)
  region size 1024K, 0 young (0K), 0 survivors (0K)
 Metaspace       used 51863K, committed 53120K, reserved 1114112K
  class space    used 7383K, committed 7872K, reserved 1048576K
}
Event: 4760.496 GC heap before
{Heap before GC invocations=433 (full 390):
 garbage-first heap   total 122880K, used 36138K [0x0000000084000000, 0x0000000100000000)
  region size 1024K, 1 young (1024K), 0 survivors (0K)
 Metaspace       used 51863K, committed 53120K, reserved 1114112K
  class space    used 7383K, committed 7872K, reserved 1048576K
}
Event: 4760.633 GC heap after
{Heap after GC invocations=434 (full 391):
 garbage-first heap   total 122880K, used 36138K [0x0000000084000000, 0x0000000100000000)
  region size 1024K, 0 young (0K), 0 survivors (0K)
 Metaspace       used 51863K, committed 53120K, reserved 1114112K
  class space    used 7383K, committed 7872K, reserved 1048576K
}
Event: 4772.704 GC heap before
{Heap before GC invocations=434 (full 391):
 garbage-first heap   total 122880K, used 36138K [0x0000000084000000, 0x0000000100000000)
  region size 1024K, 1 young (1024K), 0 survivors (0K)
 Metaspace       used 51863K, committed 53120K, reserved 1114112K
  class space    used 7383K, committed 7872K, reserved 1048576K
}
Event: 4772.768 GC heap after
{Heap after GC invocations=435 (full 392):
 garbage-first heap   total 122880K, used 36138K [0x0000000084000000, 0x0000000100000000)
  region size 1024K, 0 young (0K), 0 survivors (0K)
 Metaspace       used 51863K, committed 53120K, reserved 1114112K
  class space    used 7383K, committed 7872K, reserved 1048576K
}
Event: 4785.108 GC heap before
{Heap before GC invocations=435 (full 392):
 garbage-first heap   total 122880K, used 36138K [0x0000000084000000, 0x0000000100000000)
  region size 1024K, 1 young (1024K), 0 survivors (0K)
 Metaspace       used 51863K, committed 53120K, reserved 1114112K
  class space    used 7383K, committed 7872K, reserved 1048576K
}
Event: 4785.258 GC heap after
{Heap after GC invocations=436 (full 393):
 garbage-first heap   total 122880K, used 36138K [0x0000000084000000, 0x0000000100000000)
  region size 1024K, 0 young (0K), 0 survivors (0K)
 Metaspace       used 51863K, committed 53120K, reserved 1114112K
  class space    used 7383K, committed 7872K, reserved 1048576K
}
Event: 4796.080 GC heap before
{Heap before GC invocations=436 (full 393):
 garbage-first heap   total 122880K, used 36138K [0x0000000084000000, 0x0000000100000000)
  region size 1024K, 1 young (1024K), 0 survivors (0K)
 Metaspace       used 51863K, committed 53120K, reserved 1114112K
  class space    used 7383K, committed 7872K, reserved 1048576K
}
Event: 4796.210 GC heap after
{Heap after GC invocations=437 (full 394):
 garbage-first heap   total 122880K, used 36138K [0x0000000084000000, 0x0000000100000000)
  region size 1024K, 0 young (0K), 0 survivors (0K)
 Metaspace       used 51863K, committed 53120K, reserved 1114112K
  class space    used 7383K, committed 7872K, reserved 1048576K
}
Event: 4807.545 GC heap before
{Heap before GC invocations=437 (full 394):
 garbage-first heap   total 122880K, used 36138K [0x0000000084000000, 0x0000000100000000)
  region size 1024K, 1 young (1024K), 0 survivors (0K)
 Metaspace       used 51863K, committed 53120K, reserved 1114112K
  class space    used 7383K, committed 7872K, reserved 1048576K
}
Event: 4807.695 GC heap after
{Heap after GC invocations=438 (full 395):
 garbage-first heap   total 122880K, used 36138K [0x0000000084000000, 0x0000000100000000)
  region size 1024K, 0 young (0K), 0 survivors (0K)
 Metaspace       used 51863K, committed 53120K, reserved 1114112K
  class space    used 7383K, committed 7872K, reserved 1048576K
}
Event: 4820.275 GC heap before
{Heap before GC invocations=438 (full 395):
 garbage-first heap   total 122880K, used 36138K [0x0000000084000000, 0x0000000100000000)
  region size 1024K, 1 young (1024K), 0 survivors (0K)
 Metaspace       used 51863K, committed 53120K, reserved 1114112K
  class space    used 7383K, committed 7872K, reserved 1048576K
}
Event: 4820.448 GC heap after
{Heap after GC invocations=439 (full 396):
 garbage-first heap   total 122880K, used 36138K [0x0000000084000000, 0x0000000100000000)
  region size 1024K, 0 young (0K), 0 survivors (0K)
 Metaspace       used 51863K, committed 53120K, reserved 1114112K
  class space    used 7383K, committed 7872K, reserved 1048576K
}
Event: 4833.515 GC heap before
{Heap before GC invocations=439 (full 396):
 garbage-first heap   total 122880K, used 36138K [0x0000000084000000, 0x0000000100000000)
  region size 1024K, 1 young (1024K), 0 survivors (0K)
 Metaspace       used 51863K, committed 53120K, reserved 1114112K
  class space    used 7383K, committed 7872K, reserved 1048576K
}
Event: 4833.705 GC heap after
{Heap after GC invocations=440 (full 397):
 garbage-first heap   total 122880K, used 36138K [0x0000000084000000, 0x0000000100000000)
  region size 1024K, 0 young (0K), 0 survivors (0K)
 Metaspace       used 51863K, committed 53120K, reserved 1114112K
  class space    used 7383K, committed 7872K, reserved 1048576K
}
Event: 4845.649 GC heap before
{Heap before GC invocations=440 (full 397):
 garbage-first heap   total 122880K, used 36138K [0x0000000084000000, 0x0000000100000000)
  region size 1024K, 1 young (1024K), 0 survivors (0K)
 Metaspace       used 51863K, committed 53120K, reserved 1114112K
  class space    used 7383K, committed 7872K, reserved 1048576K
}

