# JRE version: OpenJDK Runtime Environment Temurin-21.0.9+10 (21.0.9+10) (build 21.0.9+10-LTS)
# Java VM: OpenJDK 64-Bit Server VM Temurin-21.0.9+10 (21.0.9+10-LTS, mixed mode, sharing, tiered, compressed oops, compressed class ptrs, parallel gc, windows-amd64)
GC Precious Log:
 CardTable entry size: 512
 CPUs: 8 total, 8 available
 Memory: 7934M
 Large Page Support: Disabled
 NUMA Support: Disabled
 Compressed Oops: Enabled (32-bit)
 Alignments: Space 512K, Generation 512K, Heap 2M
 Heap Min Capacity: 100M
 Heap Initial Capacity: 100M
 Heap Max Capacity: 2G
 Pre-touch: Disabled
 Parallel Workers: 8
Heap:
 PSYoungGen      total 19968K, used 6901K [0x00000000d5580000, 0x00000000d6b80000, 0x0000000100000000)
  eden space 18432K, 29% used [0x00000000d5580000,0x00000000d5ae4d68,0x00000000d6780000)
  from space 1536K, 89% used [0x00000000d6780000,0x00000000d68d8800,0x00000000d6900000)
  to   space 2048K, 0% used [0x00000000d6980000,0x00000000d6980000,0x00000000d6b80000)
 ParOldGen       total 68608K, used 67713K [0x0000000080000000, 0x0000000084300000, 0x00000000d5580000)
  object space 68608K, 98% used [0x0000000080000000,0x0000000084220458,0x0000000084300000)
 Metaspace       used 66572K, committed 67968K, reserved 1114112K
  class space    used 7003K, committed 7616K, reserved 1048576K
GC Heap History (20 events):
Event: 170.525 GC heap before
{Heap before GC invocations=53 (full 3):
 PSYoungGen      total 20480K, used 20384K [0x00000000d5580000, 0x00000000d6a80000, 0x0000000100000000)
  eden space 19456K, 100% used [0x00000000d5580000,0x00000000d6880000,0x00000000d6880000)
  from space 1024K, 90% used [0x00000000d6900000,0x00000000d69e8020,0x00000000d6a00000)
  to   space 512K, 0% used [0x00000000d6a00000,0x00000000d6a00000,0x00000000d6a80000)
 ParOldGen       total 68608K, used 59068K [0x0000000080000000, 0x0000000084300000, 0x00000000d5580000)
  object space 68608K, 86% used [0x0000000080000000,0x00000000839af3a8,0x0000000084300000)
 Metaspace       used 61401K, committed 62784K, reserved 1114112K
  class space    used 6661K, committed 7296K, reserved 1048576K
}
Event: 170.527 GC heap after
{Heap after GC invocations=53 (full 3):
 PSYoungGen      total 19968K, used 496K [0x00000000d5580000, 0x00000000d6b80000, 0x0000000100000000)
  eden space 19456K, 0% used [0x00000000d5580000,0x00000000d5580000,0x00000000d6880000)
  from space 512K, 97% used [0x00000000d6a00000,0x00000000d6a7c370,0x00000000d6a80000)
  to   space 1536K, 0% used [0x00000000d6880000,0x00000000d6880000,0x00000000d6a00000)
 ParOldGen       total 68608K, used 59938K [0x0000000080000000, 0x0000000084300000, 0x00000000d5580000)
  object space 68608K, 87% used [0x0000000080000000,0x0000000083a88b70,0x0000000084300000)
 Metaspace       used 61401K, committed 62784K, reserved 1114112K
  class space    used 6661K, committed 7296K, reserved 1048576K
}
Event: 170.628 GC heap before
{Heap before GC invocations=54 (full 3):
 PSYoungGen      total 19968K, used 19952K [0x00000000d5580000, 0x00000000d6b80000, 0x0000000100000000)
  eden space 19456K, 100% used [0x00000000d5580000,0x00000000d6880000,0x00000000d6880000)
  from space 512K, 97% used [0x00000000d6a00000,0x00000000d6a7c370,0x00000000d6a80000)
  to   space 1536K, 0% used [0x00000000d6880000,0x00000000d6880000,0x00000000d6a00000)
 ParOldGen       total 68608K, used 59938K [0x0000000080000000, 0x0000000084300000, 0x00000000d5580000)
  object space 68608K, 87% used [0x0000000080000000,0x0000000083a88b70,0x0000000084300000)
 Metaspace       used 61406K, committed 62848K, reserved 1114112K
  class space    used 6661K, committed 7296K, reserved 1048576K
}
Event: 170.630 GC heap after
{Heap after GC invocations=54 (full 3):
 PSYoungGen      total 20480K, used 576K [0x00000000d5580000, 0x00000000d6a80000, 0x0000000100000000)
  eden space 19456K, 0% used [0x00000000d5580000,0x00000000d5580000,0x00000000d6880000)
  from space 1024K, 56% used [0x00000000d6880000,0x00000000d6910000,0x00000000d6980000)
  to   space 1024K, 0% used [0x00000000d6980000,0x00000000d6980000,0x00000000d6a80000)
 ParOldGen       total 68608K, used 60405K [0x0000000080000000, 0x0000000084300000, 0x00000000d5580000)
  object space 68608K, 88% used [0x0000000080000000,0x0000000083afd4a0,0x0000000084300000)
 Metaspace       used 61406K, committed 62848K, reserved 1114112K
  class space    used 6661K, committed 7296K, reserved 1048576K
}
Event: 170.697 GC heap before
{Heap before GC invocations=55 (full 3):
 PSYoungGen      total 20480K, used 20032K [0x00000000d5580000, 0x00000000d6a80000, 0x0000000100000000)
  eden space 19456K, 100% used [0x00000000d5580000,0x00000000d6880000,0x00000000d6880000)
  from space 1024K, 56% used [0x00000000d6880000,0x00000000d6910000,0x00000000d6980000)
  to   space 1024K, 0% used [0x00000000d6980000,0x00000000d6980000,0x00000000d6a80000)
 ParOldGen       total 68608K, used 60405K [0x0000000080000000, 0x0000000084300000, 0x00000000d5580000)
  object space 68608K, 88% used [0x0000000080000000,0x0000000083afd4a0,0x0000000084300000)
 Metaspace       used 61406K, committed 62848K, reserved 1114112K
  class space    used 6661K, committed 7296K, reserved 1048576K
}
Event: 170.700 GC heap after
{Heap after GC invocations=55 (full 3):
 PSYoungGen      total 20480K, used 544K [0x00000000d5580000, 0x00000000d6a80000, 0x0000000100000000)
  eden space 19456K, 0% used [0x00000000d5580000,0x00000000d5580000,0x00000000d6880000)
  from space 1024K, 53% used [0x00000000d6980000,0x00000000d6a08000,0x00000000d6a80000)
  to   space 1024K, 0% used [0x00000000d6880000,0x00000000d6880000,0x00000000d6980000)
 ParOldGen       total 68608K, used 60765K [0x0000000080000000, 0x0000000084300000, 0x00000000d5580000)
  object space 68608K, 88% used [0x0000000080000000,0x0000000083b574a0,0x0000000084300000)
 Metaspace       used 61406K, committed 62848K, reserved 1114112K
  class space    used 6661K, committed 7296K, reserved 1048576K
}
Event: 170.782 GC heap before
{Heap before GC invocations=56 (full 3):
 PSYoungGen      total 20480K, used 20000K [0x00000000d5580000, 0x00000000d6a80000, 0x0000000100000000)
  eden space 19456K, 100% used [0x00000000d5580000,0x00000000d6880000,0x00000000d6880000)
  from space 1024K, 53% used [0x00000000d6980000,0x00000000d6a08000,0x00000000d6a80000)
  to   space 1024K, 0% used [0x00000000d6880000,0x00000000d6880000,0x00000000d6980000)
 ParOldGen       total 68608K, used 60765K [0x0000000080000000, 0x0000000084300000, 0x00000000d5580000)
  object space 68608K, 88% used [0x0000000080000000,0x0000000083b574a0,0x0000000084300000)
 Metaspace       used 61425K, committed 62848K, reserved 1114112K
  class space    used 6661K, committed 7296K, reserved 1048576K
}
Event: 170.784 GC heap after
{Heap after GC invocations=56 (full 3):
 PSYoungGen      total 20480K, used 512K [0x00000000d5580000, 0x00000000d6a80000, 0x0000000100000000)
  eden space 19456K, 0% used [0x00000000d5580000,0x00000000d5580000,0x00000000d6880000)
  from space 1024K, 50% used [0x00000000d6880000,0x00000000d6900000,0x00000000d6980000)
  to   space 1024K, 0% used [0x00000000d6980000,0x00000000d6980000,0x00000000d6a80000)
 ParOldGen       total 68608K, used 61125K [0x0000000080000000, 0x0000000084300000, 0x00000000d5580000)
  object space 68608K, 89% used [0x0000000080000000,0x0000000083bb14a0,0x0000000084300000)
 Metaspace       used 61425K, committed 62848K, reserved 1114112K
  class space    used 6661K, committed 7296K, reserved 1048576K
}
Event: 171.438 GC heap before
{Heap before GC invocations=57 (full 3):
 PSYoungGen      total 20480K, used 19968K [0x00000000d5580000, 0x00000000d6a80000, 0x0000000100000000)
  eden space 19456K, 100% used [0x00000000d5580000,0x00000000d6880000,0x00000000d6880000)
  from space 1024K, 50% used [0x00000000d6880000,0x00000000d6900000,0x00000000d6980000)
  to   space 1024K, 0% used [0x00000000d6980000,0x00000000d6980000,0x00000000d6a80000)
 ParOldGen       total 68608K, used 61125K [0x0000000080000000, 0x0000000084300000, 0x00000000d5580000)
  object space 68608K, 89% used [0x0000000080000000,0x0000000083bb14a0,0x0000000084300000)
 Metaspace       used 62110K, committed 63488K, reserved 1114112K
  class space    used 6737K, committed 7360K, reserved 1048576K
}
Event: 171.442 GC heap after
{Heap after GC invocations=57 (full 3):
 PSYoungGen      total 19456K, used 1023K [0x00000000d5580000, 0x00000000d6c80000, 0x0000000100000000)
  eden space 18432K, 0% used [0x00000000d5580000,0x00000000d5580000,0x00000000d6780000)
  from space 1024K, 99% used [0x00000000d6980000,0x00000000d6a7fc88,0x00000000d6a80000)
  to   space 2048K, 0% used [0x00000000d6780000,0x00000000d6780000,0x00000000d6980000)
 ParOldGen       total 68608K, used 61645K [0x0000000080000000, 0x0000000084300000, 0x00000000d5580000)
  object space 68608K, 89% used [0x0000000080000000,0x0000000083c334a0,0x0000000084300000)
 Metaspace       used 62110K, committed 63488K, reserved 1114112K
  class space    used 6737K, committed 7360K, reserved 1048576K
}
Event: 178.754 GC heap before
{Heap before GC invocations=58 (full 3):
 PSYoungGen      total 19456K, used 19455K [0x00000000d5580000, 0x00000000d6c80000, 0x0000000100000000)
  eden space 18432K, 100% used [0x00000000d5580000,0x00000000d6780000,0x00000000d6780000)
  from space 1024K, 99% used [0x00000000d6980000,0x00000000d6a7fc88,0x00000000d6a80000)
  to   space 2048K, 0% used [0x00000000d6780000,0x00000000d6780000,0x00000000d6980000)
 ParOldGen       total 68608K, used 61645K [0x0000000080000000, 0x0000000084300000, 0x00000000d5580000)
  object space 68608K, 89% used [0x0000000080000000,0x0000000083c334a0,0x0000000084300000)
 Metaspace       used 63749K, committed 65152K, reserved 1114112K
  class space    used 6826K, committed 7424K, reserved 1048576K
}
Event: 178.759 GC heap after
{Heap after GC invocations=58 (full 3):
 PSYoungGen      total 20480K, used 2033K [0x00000000d5580000, 0x00000000d7080000, 0x0000000100000000)
  eden space 18432K, 0% used [0x00000000d5580000,0x00000000d5580000,0x00000000d6780000)
  from space 2048K, 99% used [0x00000000d6780000,0x00000000d697c590,0x00000000d6980000)
  to   space 4608K, 0% used [0x00000000d6c00000,0x00000000d6c00000,0x00000000d7080000)
 ParOldGen       total 68608K, used 63725K [0x0000000080000000, 0x0000000084300000, 0x00000000d5580000)
  object space 68608K, 92% used [0x0000000080000000,0x0000000083e3b4e8,0x0000000084300000)
 Metaspace       used 63749K, committed 65152K, reserved 1114112K
  class space    used 6826K, committed 7424K, reserved 1048576K
}
Event: 180.449 GC heap before
{Heap before GC invocations=59 (full 3):
 PSYoungGen      total 20480K, used 20465K [0x00000000d5580000, 0x00000000d7080000, 0x0000000100000000)
  eden space 18432K, 100% used [0x00000000d5580000,0x00000000d6780000,0x00000000d6780000)
  from space 2048K, 99% used [0x00000000d6780000,0x00000000d697c590,0x00000000d6980000)
  to   space 4608K, 0% used [0x00000000d6c00000,0x00000000d6c00000,0x00000000d7080000)
 ParOldGen       total 68608K, used 63725K [0x0000000080000000, 0x0000000084300000, 0x00000000d5580000)
  object space 68608K, 92% used [0x0000000080000000,0x0000000083e3b4e8,0x0000000084300000)
 Metaspace       used 64994K, committed 66368K, reserved 1114112K
  class space    used 6893K, committed 7488K, reserved 1048576K
}
Event: 180.456 GC heap after
{Heap after GC invocations=59 (full 3):
 PSYoungGen      total 22016K, used 3340K [0x00000000d5580000, 0x00000000d6f80000, 0x0000000100000000)
  eden space 18432K, 0% used [0x00000000d5580000,0x00000000d5580000,0x00000000d6780000)
  from space 3584K, 93% used [0x00000000d6c00000,0x00000000d6f433d0,0x00000000d6f80000)
  to   space 4096K, 0% used [0x00000000d6780000,0x00000000d6780000,0x00000000d6b80000)
 ParOldGen       total 68608K, used 65430K [0x0000000080000000, 0x0000000084300000, 0x00000000d5580000)
  object space 68608K, 95% used [0x0000000080000000,0x0000000083fe5b50,0x0000000084300000)
 Metaspace       used 64994K, committed 66368K, reserved 1114112K
  class space    used 6893K, committed 7488K, reserved 1048576K
}
Event: 181.201 GC heap before
{Heap before GC invocations=60 (full 3):
 PSYoungGen      total 22016K, used 21772K [0x00000000d5580000, 0x00000000d6f80000, 0x0000000100000000)
  eden space 18432K, 100% used [0x00000000d5580000,0x00000000d6780000,0x00000000d6780000)
  from space 3584K, 93% used [0x00000000d6c00000,0x00000000d6f433d0,0x00000000d6f80000)
  to   space 4096K, 0% used [0x00000000d6780000,0x00000000d6780000,0x00000000d6b80000)
 ParOldGen       total 68608K, used 65430K [0x0000000080000000, 0x0000000084300000, 0x00000000d5580000)
  object space 68608K, 95% used [0x0000000080000000,0x0000000083fe5b50,0x0000000084300000)
 Metaspace       used 65403K, committed 66880K, reserved 1114112K
  class space    used 6929K, committed 7552K, reserved 1048576K
}
Event: 181.206 GC heap after
{Heap after GC invocations=60 (full 3):
 PSYoungGen      total 21504K, used 2603K [0x00000000d5580000, 0x00000000d6d80000, 0x0000000100000000)
  eden space 18432K, 0% used [0x00000000d5580000,0x00000000d5580000,0x00000000d6780000)
  from space 3072K, 84% used [0x00000000d6780000,0x00000000d6a0ae70,0x00000000d6a80000)
  to   space 3072K, 0% used [0x00000000d6a80000,0x00000000d6a80000,0x00000000d6d80000)
 ParOldGen       total 68608K, used 66133K [0x0000000080000000, 0x0000000084300000, 0x00000000d5580000)
  object space 68608K, 96% used [0x0000000080000000,0x0000000084095670,0x0000000084300000)
 Metaspace       used 65403K, committed 66880K, reserved 1114112K
  class space    used 6929K, committed 7552K, reserved 1048576K
}
Event: 182.158 GC heap before
{Heap before GC invocations=61 (full 3):
 PSYoungGen      total 21504K, used 21035K [0x00000000d5580000, 0x00000000d6d80000, 0x0000000100000000)
  eden space 18432K, 100% used [0x00000000d5580000,0x00000000d6780000,0x00000000d6780000)
  from space 3072K, 84% used [0x00000000d6780000,0x00000000d6a0ae70,0x00000000d6a80000)
  to   space 3072K, 0% used [0x00000000d6a80000,0x00000000d6a80000,0x00000000d6d80000)
 ParOldGen       total 68608K, used 66133K [0x0000000080000000, 0x0000000084300000, 0x00000000d5580000)
  object space 68608K, 96% used [0x0000000080000000,0x0000000084095670,0x0000000084300000)
 Metaspace       used 65814K, committed 67264K, reserved 1114112K
  class space    used 6947K, committed 7552K, reserved 1048576K
}
Event: 182.163 GC heap after
{Heap after GC invocations=61 (full 3):
 PSYoungGen      total 21504K, used 2822K [0x00000000d5580000, 0x00000000d6d80000, 0x0000000100000000)
  eden space 18432K, 0% used [0x00000000d5580000,0x00000000d5580000,0x00000000d6780000)
  from space 3072K, 91% used [0x00000000d6a80000,0x00000000d6d41b88,0x00000000d6d80000)
  to   space 3072K, 0% used [0x00000000d6780000,0x00000000d6780000,0x00000000d6a80000)
 ParOldGen       total 68608K, used 66813K [0x0000000080000000, 0x0000000084300000, 0x00000000d5580000)
  object space 68608K, 97% used [0x0000000080000000,0x000000008413f610,0x0000000084300000)
 Metaspace       used 65814K, committed 67264K, reserved 1114112K
  class space    used 6947K, committed 7552K, reserved 1048576K
}
Event: 254.004 GC heap before
{Heap before GC invocations=62 (full 3):
 PSYoungGen      total 21504K, used 21254K [0x00000000d5580000, 0x00000000d6d80000, 0x0000000100000000)
  eden space 18432K, 100% used [0x00000000d5580000,0x00000000d6780000,0x00000000d6780000)
  from space 3072K, 91% used [0x00000000d6a80000,0x00000000d6d41b88,0x00000000d6d80000)
  to   space 3072K, 0% used [0x00000000d6780000,0x00000000d6780000,0x00000000d6a80000)
 ParOldGen       total 68608K, used 66813K [0x0000000080000000, 0x0000000084300000, 0x00000000d5580000)
  object space 68608K, 97% used [0x0000000080000000,0x000000008413f610,0x0000000084300000)
 Metaspace       used 66132K, committed 67520K, reserved 1114112K
  class space    used 6957K, committed 7552K, reserved 1048576K
}
Event: 254.019 GC heap after
{Heap after GC invocations=62 (full 3):
 PSYoungGen      total 19968K, used 1378K [0x00000000d5580000, 0x00000000d6b80000, 0x0000000100000000)
  eden space 18432K, 0% used [0x00000000d5580000,0x00000000d5580000,0x00000000d6780000)
  from space 1536K, 89% used [0x00000000d6780000,0x00000000d68d8800,0x00000000d6900000)
  to   space 2048K, 0% used [0x00000000d6980000,0x00000000d6980000,0x00000000d6b80000)
 ParOldGen       total 68608K, used 67713K [0x0000000080000000, 0x0000000084300000, 0x00000000d5580000)
  object space 68608K, 98% used [0x0000000080000000,0x0000000084220458,0x0000000084300000)
 Metaspace       used 66132K, committed 67520K, reserved 1114112K
  class space    used 6957K, committed 7552K, reserved 1048576K
}

