# JRE version: OpenJDK Runtime Environment Temurin-21.0.9+10 (21.0.9+10) (build 21.0.9+10-LTS)
# Java VM: OpenJDK 64-Bit Server VM Temurin-21.0.9+10 (21.0.9+10-LTS, mixed mode, emulated-client, sharing, tiered, compressed oops, compressed class ptrs, g1 gc, windows-amd64)
GC Precious Log:
 CardTable entry size: 512
 Card Set container configuration: InlinePtr #cards 5 size 8 Array Of Cards #cards 12 size 40 Howl #buckets 4 coarsen threshold 1843 Howl Bitmap #cards 512 size 80 coarsen threshold 460 Card regions per heap region 1 cards per card region 2048
 CPUs: 8 total, 8 available
 Memory: 7934M
 Large Page Support: Disabled
 NUMA Support: Disabled
 Compressed Oops: Enabled (32-bit)
 Heap Region Size: 1M
 Heap Min Capacity: 8M
 Heap Initial Capacity: 124M
 Heap Max Capacity: 1984M
 Pre-touch: Disabled
 Parallel Workers: 8
 Concurrent Workers: 2
 Concurrent Refinement Workers: 8
 Periodic GC: Disabled
Heap:
 garbage-first heap   total 128000K, used 36890K [0x0000000084000000, 0x0000000100000000)
  region size 1024K, 3 young (3072K), 3 survivors (3072K)
 Metaspace       used 46194K, committed 46848K, reserved 1114112K
  class space    used 5828K, committed 6080K, reserved 1048576K
GC Heap History (20 events):
Event: 109.403 GC heap after
{Heap after GC invocations=34 (full 0):
 garbage-first heap   total 58368K, used 20857K [0x0000000084000000, 0x0000000100000000)
  region size 1024K, 1 young (1024K), 1 survivors (1024K)
 Metaspace       used 35890K, committed 36736K, reserved 1114112K
  class space    used 4740K, committed 5056K, reserved 1048576K
}
Event: 119.009 GC heap before
{Heap before GC invocations=34 (full 0):
 garbage-first heap   total 58368K, used 52601K [0x0000000084000000, 0x0000000100000000)
  region size 1024K, 32 young (32768K), 1 survivors (1024K)
 Metaspace       used 35890K, committed 36736K, reserved 1114112K
  class space    used 4740K, committed 5056K, reserved 1048576K
}
Event: 119.011 GC heap after
{Heap after GC invocations=35 (full 0):
 garbage-first heap   total 58368K, used 22384K [0x0000000084000000, 0x0000000100000000)
  region size 1024K, 2 young (2048K), 2 survivors (2048K)
 Metaspace       used 35890K, committed 36736K, reserved 1114112K
  class space    used 4740K, committed 5056K, reserved 1048576K
}
Event: 128.219 GC heap before
{Heap before GC invocations=36 (full 0):
 garbage-first heap   total 58368K, used 52080K [0x0000000084000000, 0x0000000100000000)
  region size 1024K, 32 young (32768K), 2 survivors (2048K)
 Metaspace       used 37427K, committed 37952K, reserved 1114112K
  class space    used 4961K, committed 5184K, reserved 1048576K
}
Event: 128.223 GC heap after
{Heap after GC invocations=37 (full 0):
 garbage-first heap   total 70656K, used 22258K [0x0000000084000000, 0x0000000100000000)
  region size 1024K, 2 young (2048K), 2 survivors (2048K)
 Metaspace       used 37427K, committed 37952K, reserved 1114112K
  class space    used 4961K, committed 5184K, reserved 1048576K
}
Event: 128.272 GC heap before
{Heap before GC invocations=37 (full 0):
 garbage-first heap   total 70656K, used 24306K [0x0000000084000000, 0x0000000100000000)
  region size 1024K, 5 young (5120K), 2 survivors (2048K)
 Metaspace       used 37552K, committed 38080K, reserved 1114112K
  class space    used 4972K, committed 5184K, reserved 1048576K
}
Event: 128.284 GC heap after
{Heap after GC invocations=38 (full 0):
 garbage-first heap   total 70656K, used 23316K [0x0000000084000000, 0x0000000100000000)
  region size 1024K, 1 young (1024K), 1 survivors (1024K)
 Metaspace       used 37552K, committed 38080K, reserved 1114112K
  class space    used 4972K, committed 5184K, reserved 1048576K
}
Event: 130.869 GC heap before
{Heap before GC invocations=38 (full 0):
 garbage-first heap   total 70656K, used 63252K [0x0000000084000000, 0x0000000100000000)
  region size 1024K, 41 young (41984K), 1 survivors (1024K)
 Metaspace       used 45142K, committed 45696K, reserved 1114112K
  class space    used 5678K, committed 5952K, reserved 1048576K
}
Event: 130.873 GC heap after
{Heap after GC invocations=39 (full 0):
 garbage-first heap   total 70656K, used 25351K [0x0000000084000000, 0x0000000100000000)
  region size 1024K, 3 young (3072K), 3 survivors (3072K)
 Metaspace       used 45142K, committed 45696K, reserved 1114112K
  class space    used 5678K, committed 5952K, reserved 1048576K
}
Event: 131.117 GC heap before
{Heap before GC invocations=39 (full 0):
 garbage-first heap   total 70656K, used 30471K [0x0000000084000000, 0x0000000100000000)
  region size 1024K, 10 young (10240K), 3 survivors (3072K)
 Metaspace       used 45484K, committed 46016K, reserved 1114112K
  class space    used 5738K, committed 5952K, reserved 1048576K
}
Event: 131.121 GC heap after
{Heap after GC invocations=40 (full 0):
 garbage-first heap   total 70656K, used 27266K [0x0000000084000000, 0x0000000100000000)
  region size 1024K, 4 young (4096K), 4 survivors (4096K)
 Metaspace       used 45484K, committed 46016K, reserved 1114112K
  class space    used 5738K, committed 5952K, reserved 1048576K
}
Event: 132.552 GC heap before
{Heap before GC invocations=41 (full 0):
 garbage-first heap   total 70656K, used 57986K [0x0000000084000000, 0x0000000100000000)
  region size 1024K, 35 young (35840K), 4 survivors (4096K)
 Metaspace       used 45810K, committed 46336K, reserved 1114112K
  class space    used 5785K, committed 6016K, reserved 1048576K
}
Event: 132.559 GC heap after
{Heap after GC invocations=42 (full 0):
 garbage-first heap   total 70656K, used 30552K [0x0000000084000000, 0x0000000100000000)
  region size 1024K, 5 young (5120K), 5 survivors (5120K)
 Metaspace       used 45810K, committed 46336K, reserved 1114112K
  class space    used 5785K, committed 6016K, reserved 1048576K
}
Event: 132.567 GC heap before
{Heap before GC invocations=42 (full 0):
 garbage-first heap   total 70656K, used 31576K [0x0000000084000000, 0x0000000100000000)
  region size 1024K, 6 young (6144K), 5 survivors (5120K)
 Metaspace       used 45810K, committed 46336K, reserved 1114112K
  class space    used 5785K, committed 6016K, reserved 1048576K
}
Event: 132.574 GC heap after
{Heap after GC invocations=43 (full 0):
 garbage-first heap   total 70656K, used 30546K [0x0000000084000000, 0x0000000100000000)
  region size 1024K, 1 young (1024K), 1 survivors (1024K)
 Metaspace       used 45810K, committed 46336K, reserved 1114112K
  class space    used 5785K, committed 6016K, reserved 1048576K
}
Event: 133.725 GC heap before
{Heap before GC invocations=43 (full 0):
 garbage-first heap   total 70656K, used 58194K [0x0000000084000000, 0x0000000100000000)
  region size 1024K, 29 young (29696K), 1 survivors (1024K)
 Metaspace       used 45989K, committed 46656K, reserved 1114112K
  class space    used 5807K, committed 6080K, reserved 1048576K
}
Event: 133.732 GC heap after
{Heap after GC invocations=44 (full 0):
 garbage-first heap   total 70656K, used 34393K [0x0000000084000000, 0x0000000100000000)
  region size 1024K, 4 young (4096K), 4 survivors (4096K)
 Metaspace       used 45989K, committed 46656K, reserved 1114112K
  class space    used 5807K, committed 6080K, reserved 1048576K
}
Event: 134.309 GC heap before
{Heap before GC invocations=44 (full 0):
 garbage-first heap   total 70656K, used 58969K [0x0000000084000000, 0x0000000100000000)
  region size 1024K, 29 young (29696K), 4 survivors (4096K)
 Metaspace       used 46048K, committed 46720K, reserved 1114112K
  class space    used 5811K, committed 6080K, reserved 1048576K
}
Event: 134.315 GC heap after
{Heap after GC invocations=45 (full 0):
 garbage-first heap   total 70656K, used 36749K [0x0000000084000000, 0x0000000100000000)
  region size 1024K, 3 young (3072K), 3 survivors (3072K)
 Metaspace       used 46048K, committed 46720K, reserved 1114112K
  class space    used 5811K, committed 6080K, reserved 1048576K
}
Event: 135.521 GC heap before
{Heap before GC invocations=45 (full 0):
 garbage-first heap   total 70656K, used 60301K [0x0000000084000000, 0x0000000100000000)
  region size 1024K, 26 young (26624K), 3 survivors (3072K)
 Metaspace       used 46194K, committed 46848K, reserved 1114112K
  class space    used 5828K, committed 6080K, reserved 1048576K
}

